[2013-07-27 14:08:09] UserTest__AopProxied::testMe.INFO: PASSED [] []
[2013-07-27 14:08:09] UserTest::testMe.INFO: PASSED [] []
[2013-07-27 14:09:37] common\models\LoginFormTest::testCanLoginWhenValid.ALERT: Failed asserting that false is true. [] []
[2013-07-27 14:09:37] common\models\LoginFormTest::testCanLoginWhenValid.INFO: # FAILED # [] []
[2013-07-27 14:09:37] common\models\LoginFormTest::testCanLoginWhenValid.INFO: PASSED [] []
[2013-07-27 14:09:37] common\models\LoginFormTest::testCantLoginWhenInvalid.ALERT: Expected common\models\User::findByUsername to be invoked but it never occur. [] []
[2013-07-27 14:09:37] common\models\LoginFormTest::testCantLoginWhenInvalid.INFO: # FAILED # [] []
[2013-07-27 14:09:37] common\models\LoginFormTest::testCantLoginWhenInvalid.INFO: PASSED [] []
[2013-07-27 14:09:37] common\models\LoginFormTest::testCantLoginWithoutPassword.INFO: PASSED [] []
[2013-07-27 14:09:56] common\models\LoginFormTest::testCanLoginWhenValid.ALERT: Failed asserting that false is true. [] []
[2013-07-27 14:09:56] common\models\LoginFormTest::testCanLoginWhenValid.INFO: # FAILED # [] []
[2013-07-27 14:09:56] common\models\LoginFormTest::testCanLoginWhenValid.INFO: PASSED [] []
[2013-07-27 14:09:56] common\models\LoginFormTest::testCantLoginWhenInvalid.ALERT: Expected common\models\User::findByUsername to be invoked but it never occur. [] []
[2013-07-27 14:09:56] common\models\LoginFormTest::testCantLoginWhenInvalid.INFO: # FAILED # [] []
[2013-07-27 14:09:56] common\models\LoginFormTest::testCantLoginWhenInvalid.INFO: PASSED [] []
[2013-07-27 14:09:56] common\models\LoginFormTest::testCantLoginWithoutPassword.INFO: PASSED [] []
[2013-07-27 14:10:28] common\models\LoginFormTest::testCanLoginWhenValid.ALERT: Failed asserting that false is true. [] []
[2013-07-27 14:10:28] common\models\LoginFormTest::testCanLoginWhenValid.INFO: # FAILED # [] []
[2013-07-27 14:10:28] common\models\LoginFormTest::testCanLoginWhenValid.INFO: PASSED [] []
[2013-07-27 14:10:28] common\models\LoginFormTest::testCantLoginWithoutPassword.INFO: PASSED [] []
[2013-07-27 14:12:04] common\models\LoginFormTest::testCanLoginWhenValid.ALERT: Failed asserting that false is true. [] []
[2013-07-27 14:12:04] common\models\LoginFormTest::testCanLoginWhenValid.INFO: # FAILED # [] []
[2013-07-27 14:12:04] common\models\LoginFormTest::testCanLoginWhenValid.INFO: PASSED [] []
[2013-07-27 14:12:04] common\models\LoginFormTest::testCantLoginWithoutPassword.INFO: PASSED [] []
[2013-07-27 14:12:11] common\models\LoginFormTest::testCanLoginWhenValid.ALERT: Failed asserting that false is true. [] []
[2013-07-27 14:12:11] common\models\LoginFormTest::testCanLoginWhenValid.INFO: # FAILED # [] []
[2013-07-27 14:12:11] common\models\LoginFormTest::testCanLoginWhenValid.INFO: PASSED [] []
[2013-07-27 14:12:11] common\models\LoginFormTest::testCantLoginWithoutPassword.INFO: PASSED [] []
[2013-07-27 14:12:29] common\models\LoginFormTest::testCanLoginWhenValid.ALERT: Failed asserting that false is true. [] []
[2013-07-27 14:12:29] common\models\LoginFormTest::testCanLoginWhenValid.INFO: # FAILED # [] []
[2013-07-27 14:12:29] common\models\LoginFormTest::testCanLoginWhenValid.INFO: PASSED [] []
[2013-07-27 14:12:29] common\models\LoginFormTest::testCantLoginWithoutPassword.INFO: PASSED [] []
